###############################################################################
#                                                                             #
# IAR C/C++ Compiler V5.60.5.50814/W32 for MSP430       08/Apr/2014  21:14:17 #
# Copyright 1996-2013 IAR Systems AB.                                         #
#                                                                             #
#    __rt_version  =  3                                                       #
#    __double_size =  32                                                      #
#    __reg_r4      =  free                                                    #
#    __reg_r5      =  free                                                    #
#    __pic         =  no                                                      #
#    __core        =  430X                                                    #
#    __data_model  =  small                                                   #
#    Source file   =  C:\Texas Instruments\Z-Stack Home                       #
#                     1.2.0\Projects\zstack\ZAP\HA-SampleLight\Source\OSAL_Sa #
#                     mpleLight.c                                             #
#    Command line  =  -f "C:\Texas Instruments\Z-Stack Home                   #
#                     1.2.0\Projects\zstack\ZAP\HA-SampleLight\EXP5438\..\..\ #
#                     Source\zap.cfg" (-DZAP_PHY_SPI=1                        #
#                     -DZAP_PHY_UART=!ZAP_PHY_SPI -DZAP_PHY_RESET_ZNP=TRUE    #
#                     -DZAP_ZNP_MT=FALSE -DZAP_APP_MSG=FALSE                  #
#                     -DZAP_SBL_PROXY=FALSE -DZAP_AUTO_CFG=TRUE               #
#                     -DZAP_AUTO_START=TRUE -DZAP_NV_RESTORE=FALSE            #
#                     -DLCD_SUPPORTED -DZAP_AF_DATA_REQ_FRAG=FALSE            #
#                     -DZAP_AF_DATA_REQ_AREQ=!ZAP_AF_DATA_REQ_FRAG            #
#                     -DZAP_ZDO_STARTUP_AREQ=TRUE -DZAP_AF_FUNC               #
#                     -DZAP_SAPI_FUNC -DZAP_SYS_FUNC -DZAP_UTIL_FUNC          #
#                     -DZAP_ZDO_FUNC -DSECURE=0 -DZG_SECURE_DYNAMIC=0         #
#                     "-DDEFAULT_CHANLIST=(uint32)0x00000800"                 #
#                     -DZDAPP_CONFIG_PAN_ID=0xFFFF -DPOLL_RATE=1000           #
#                     -DNWK_START_DELAY=100 -DMAX_BINDING_CLUSTER_IDS=4) -f   #
#                     "C:\Texas Instruments\Z-Stack Home                      #
#                     1.2.0\Projects\zstack\ZAP\HA-SampleLight\EXP5438\..\..\ #
#                     ..\Tools\MSP5438\f8wZCL.cfg" (-DZCL_READ -DZCL_WRITE    #
#                     -DZCL_BASIC -DZCL_IDENTIFY -DZCL_ON_OFF                 #
#                     -DZCL_KEY_ESTABLISHMENT_KEY_GENERATE_TIMEOUT=4          #
#                     -DZCL_KEY_ESTABLISHMENT_MAC_GENERATE_TIMEOUT=10         #
#                     -DZCL_KEY_ESTABLISHMENT_EKEY_GENERATE_TIMEOUT=10        #
#                     -DZCL_LOAD_CONTROL -DZCL_SIMPLE_METERING -DZCL_PRICING  #
#                     -DZCL_MESSAGE -DZCL_TUNNELING -DZCL_TOU                 #
#                     -DZCL_DEVICE_MGMT) "C:\Texas Instruments\Z-Stack Home   #
#                     1.2.0\Projects\zstack\ZAP\HA-SampleLight\Source\OSAL_Sa #
#                     mpleLight.c" -D FEATURE_GREEN_POWER -D                  #
#                     FEATURE_ENHANCED_BEACON -D                              #
#                     ZAP_DEVICETYPE=ZG_DEVICETYPE_COORDINATOR -lC "C:\Texas  #
#                     Instruments\Z-Stack Home 1.2.0\Projects\zstack\ZAP\HA-S #
#                     ampleLight\EXP5438\ZAP Coordinator\List\" -lA           #
#                     "C:\Texas Instruments\Z-Stack Home                      #
#                     1.2.0\Projects\zstack\ZAP\HA-SampleLight\EXP5438\ZAP    #
#                     Coordinator\List\" --remarks --diag_suppress            #
#                     Pe001,Pe193,Pe236,Pe826 -o "C:\Texas                    #
#                     Instruments\Z-Stack Home 1.2.0\Projects\zstack\ZAP\HA-S #
#                     ampleLight\EXP5438\ZAP Coordinator\Obj\" --debug        #
#                     -D__MSP430F5438__ -e --double=32 --clib -I "C:\Texas    #
#                     Instruments\Z-Stack Home 1.2.0\Projects\zstack\ZAP\HA-S #
#                     ampleLight\EXP5438\" -I "C:\Texas Instruments\Z-Stack   #
#                     Home 1.2.0\Projects\zstack\ZAP\HA-SampleLight\EXP5438\. #
#                     .\Source\" -I "C:\Texas Instruments\Z-Stack Home        #
#                     1.2.0\Projects\zstack\ZAP\HA-SampleLight\EXP5438\..\..\ #
#                     Source\" -I "C:\Texas Instruments\Z-Stack Home          #
#                     1.2.0\Projects\zstack\ZAP\HA-SampleLight\EXP5438\..\..\ #
#                     ..\..\..\Components\hal\target\MSP5438ZAP\" -I          #
#                     "C:\Texas Instruments\Z-Stack Home                      #
#                     1.2.0\Projects\zstack\ZAP\HA-SampleLight\EXP5438\..\..\ #
#                     ..\..\..\Components\hal\include\" -I "C:\Texas          #
#                     Instruments\Z-Stack Home 1.2.0\Projects\zstack\ZAP\HA-S #
#                     ampleLight\EXP5438\..\..\..\..\..\Components\mac\includ #
#                     e\" -I "C:\Texas Instruments\Z-Stack Home               #
#                     1.2.0\Projects\zstack\ZAP\HA-SampleLight\EXP5438\..\..\ #
#                     ..\..\..\Components\mt\" -I "C:\Texas                   #
#                     Instruments\Z-Stack Home 1.2.0\Projects\zstack\ZAP\HA-S #
#                     ampleLight\EXP5438\..\..\..\..\..\Components\osal\inclu #
#                     de\" -I "C:\Texas Instruments\Z-Stack Home              #
#                     1.2.0\Projects\zstack\ZAP\HA-SampleLight\EXP5438\..\..\ #
#                     ..\..\..\Components\osal\mcu\msp430\" -I "C:\Texas      #
#                     Instruments\Z-Stack Home 1.2.0\Projects\zstack\ZAP\HA-S #
#                     ampleLight\EXP5438\..\..\..\..\..\Components\services\s #
#                     addr\" -I "C:\Texas Instruments\Z-Stack Home            #
#                     1.2.0\Projects\zstack\ZAP\HA-SampleLight\EXP5438\..\..\ #
#                     ..\..\..\Components\services\sdata\" -I "C:\Texas       #
#                     Instruments\Z-Stack Home 1.2.0\Projects\zstack\ZAP\HA-S #
#                     ampleLight\EXP5438\..\..\..\..\..\Components\stack\af\" #
#                      -I "C:\Texas Instruments\Z-Stack Home                  #
#                     1.2.0\Projects\zstack\ZAP\HA-SampleLight\EXP5438\..\..\ #
#                     ..\..\..\Components\stack\nwk\" -I "C:\Texas            #
#                     Instruments\Z-Stack Home 1.2.0\Projects\zstack\ZAP\HA-S #
#                     ampleLight\EXP5438\..\..\..\..\..\Components\stack\sapi #
#                     \" -I "C:\Texas Instruments\Z-Stack Home                #
#                     1.2.0\Projects\zstack\ZAP\HA-SampleLight\EXP5438\..\..\ #
#                     ..\..\..\Components\stack\sec\" -I "C:\Texas            #
#                     Instruments\Z-Stack Home 1.2.0\Projects\zstack\ZAP\HA-S #
#                     ampleLight\EXP5438\..\..\..\..\..\Components\stack\sys\ #
#                     " -I "C:\Texas Instruments\Z-Stack Home                 #
#                     1.2.0\Projects\zstack\ZAP\HA-SampleLight\EXP5438\..\..\ #
#                     ..\..\..\Components\stack\zcl\" -I "C:\Texas            #
#                     Instruments\Z-Stack Home 1.2.0\Projects\zstack\ZAP\HA-S #
#                     ampleLight\EXP5438\..\..\..\..\..\Components\stack\zdo\ #
#                     " -I "C:\Texas Instruments\Z-Stack Home                 #
#                     1.2.0\Projects\zstack\ZAP\HA-SampleLight\EXP5438\..\..\ #
#                     ..\..\..\Components\zmac\" -I "C:\Texas                 #
#                     Instruments\Z-Stack Home 1.2.0\Projects\zstack\ZAP\HA-S #
#                     ampleLight\EXP5438\..\..\..\..\..\Components\zmac\f8w\" #
#                      --core=430X --data_model=small -Ohz --multiplier=32    #
#                     --multiplier_location=4C0 --require_prototypes          #
#                     --hw_workaround=CPU40 --hw_workaround=CPU39             #
#    List file     =  C:\Texas Instruments\Z-Stack Home                       #
#                     1.2.0\Projects\zstack\ZAP\HA-SampleLight\EXP5438\ZAP    #
#                     Coordinator\List\OSAL_SampleLight.lst                   #
#    Object file   =  C:\Texas Instruments\Z-Stack Home                       #
#                     1.2.0\Projects\zstack\ZAP\HA-SampleLight\EXP5438\ZAP    #
#                     Coordinator\Obj\OSAL_SampleLight.r43                    #
#                                                                             #
#                                                                             #
###############################################################################

C:\Texas Instruments\Z-Stack Home 1.2.0\Projects\zstack\ZAP\HA-SampleLight\Source\OSAL_SampleLight.c
      1          /**************************************************************************************************
      2            Filename:       OSAL_SampleLight.c
      3            Revised:        $Date: 2009-12-08 17:29:08 -0800 (Tue, 08 Dec 2009) $
      4            Revision:       $Revision: 21294 $
      5          
      6            Description:   This file defines the functionality of a HA Light Sample Application.
      7          
      8          
      9            Copyright (c) 2009 Texas Instruments Incorporated. All rights reserved.
     10          
     11            IMPORTANT: Your use of this Software is limited to those specific rights
     12            granted under the terms of a software license agreement between the user
     13            who downloaded the software, his/her employer (which must be your employer)
     14            and Texas Instruments Incorporated (the "License").  You may not use this
     15            Software unless you agree to abide by the terms of the License. The License
     16            limits your use, and you acknowledge, that the Software may not be modified,
     17            copied or distributed unless embedded on a Texas Instruments microcontroller
     18            or used solely and exclusively in conjunction with a Texas Instruments radio
     19            frequency transceiver, which is integrated into your product.  Other than for
     20            the foregoing purpose, you may not use, reproduce, copy, prepare derivative
     21            works of, modify, distribute, perform, display or sell this Software and/or
     22            its documentation for any purpose.
     23          
     24            YOU FURTHER ACKNOWLEDGE AND AGREE THAT THE SOFTWARE AND DOCUMENTATION ARE
     25            PROVIDED “AS IS” WITHOUT WARRANTY OF ANY KIND, EITHER EXPRESS OR IMPLIED,
     26            INCLUDING WITHOUT LIMITATION, ANY WARRANTY OF MERCHANTABILITY, TITLE,
     27            NON-INFRINGEMENT AND FITNESS FOR A PARTICULAR PURPOSE. IN NO EVENT SHALL
     28            TEXAS INSTRUMENTS OR ITS LICENSORS BE LIABLE OR OBLIGATED UNDER CONTRACT,
     29            NEGLIGENCE, STRICT LIABILITY, CONTRIBUTION, BREACH OF WARRANTY, OR OTHER
     30            LEGAL EQUITABLE THEORY ANY DIRECT OR INDIRECT DAMAGES OR EXPENSES
     31            INCLUDING BUT NOT LIMITED TO ANY INCIDENTAL, SPECIAL, INDIRECT, PUNITIVE
     32            OR CONSEQUENTIAL DAMAGES, LOST PROFITS OR LOST DATA, COST OF PROCUREMENT
     33            OF SUBSTITUTE GOODS, TECHNOLOGY, SERVICES, OR ANY CLAIMS BY THIRD PARTIES
     34            (INCLUDING BUT NOT LIMITED TO ANY DEFENSE THEREOF), OR OTHER SIMILAR COSTS.
     35          
     36            Should you have any questions regarding your right to use this Software,
     37            contact Texas Instruments Incorporated at www.TI.com.
     38          **************************************************************************************************/
     39          
     40          /*********************************************************************
     41           * INCLUDES
     42           */
     43          
     44          #include "ZComDef.h"
     45          #include "hal_drivers.h"
     46          #include "OSAL_Tasks.h"
     47          #include "zap_app.h"
     48          #include "zcl.h"
     49          
     50          extern void zclSampleLight_Init( byte task_id );
     51          extern UINT16 zclSampleLight_event_loop( byte task_id, UINT16 events );
     52          
     53          /*********************************************************************
     54           * GLOBAL VARIABLES
     55           */
     56          
     57          // The order in this table must be identical to the task initialization calls below in osalInitTask.

   \                                 In  segment DATA16_C, align 2, align-sorted
     58          const pTaskEventHandlerFn tasksArr[] = {
   \                     tasksArr:
   \   000000   ............ DC32 Hal_ProcessEvent, zapEvt, zcl_event_loop
   \            ............
   \   00000C   ........     DC32 zclSampleLight_event_loop
     59            Hal_ProcessEvent,  // HAL should be a higher priority than any ZNP task.
     60            zapEvt,            // ZAP APP should be the highest priority ZNP task.
     61            zcl_event_loop,
     62            zclSampleLight_event_loop
     63          };
     64          

   \                                 In  segment DATA16_C, align 1, align-sorted
     65          const uint8 tasksCnt = sizeof( tasksArr ) / sizeof( tasksArr[0] );
   \                     tasksCnt:
   \   000000   04           DC8 4

   \                                 In  segment DATA16_Z, align 2, align-sorted
   \   000000                REQUIRE ?cstart_init_zero
     66          uint16 *tasksEvents;
   \                     tasksEvents:
   \   000000                DS8 2
     67          
     68          /*********************************************************************
     69           * @fn      osalInitTasks
     70           *
     71           * @brief   This function invokes the initialization function for each task.
     72           *
     73           * @param   void
     74           *
     75           * @return  none
     76           */

   \                                 In  segment CODE, align 2
     77          void osalInitTasks( void )
   \                     osalInitTasks:
     78          {
     79            uint8 taskID = 0;
     80          
     81            tasksEvents = (uint16 *)osal_mem_alloc( sizeof( uint16 ) * tasksCnt);
   \   000000   3C42         MOV.W   #0x8, R12
   \   000002   ........     CALLA   #osal_mem_alloc
   \   000006   824C....     MOV.W   R12, &tasksEvents
     82            osal_memset( tasksEvents, 0, (sizeof( uint16 ) * tasksCnt));
   \   00000A   3E42         MOV.W   #0x8, R14
   \   00000C   4D43         MOV.B   #0x0, R13
   \   00000E   ........     CALLA   #osal_memset
     83          
     84            Hal_Init(taskID++);  // HAL should be a higher priority than any ZNP task.
   \   000012   4C43         MOV.B   #0x0, R12
   \   000014   ........     CALLA   #Hal_Init
     85            zapInit(taskID++);   // ZAP APP should be the highest priority ZNP task.
   \   000018   5C43         MOV.B   #0x1, R12
   \   00001A   ........     CALLA   #zapInit
     86            zcl_Init( taskID++ );
   \   00001E   6C43         MOV.B   #0x2, R12
   \   000020   ........     CALLA   #zcl_Init
     87            zclSampleLight_Init( taskID );
   \   000024   7C400300     MOV.B   #0x3, R12
   \   000028   ........     BRA     #zclSampleLight_Init
     88          }
     89          
     90          /**************************************************************************************************
     91          */

   Maximum stack usage in bytes:

   CSTACK Function
   ------ --------
      4   osalInitTasks
        4   -> Hal_Init
        4   -> osal_mem_alloc
        4   -> osal_memset
        4   -> zapInit
        4   -> zclSampleLight_Init
        4   -> zcl_Init


   Segment part sizes:

   Bytes  Function/Label
   -----  --------------
      44  osalInitTasks
      16  tasksArr
       1  tasksCnt
       2  tasksEvents

 
 44 bytes in segment CODE
 17 bytes in segment DATA16_C
  2 bytes in segment DATA16_Z
 
 44 bytes of CODE  memory
 17 bytes of CONST memory
  2 bytes of DATA  memory

Errors: none
Warnings: none
